{"/home/steven/javascriptodo/utils.js": {"path":"/home/steven/javascriptodo/utils.js","statementMap":{"0":{"start":{"line":2,"column":13},"end":{"line":2,"column":48}},"1":{"start":{"line":3,"column":18},"end":{"line":3,"column":52}},"2":{"start":{"line":4,"column":20},"end":{"line":4,"column":57}},"3":{"start":{"line":5,"column":23},"end":{"line":5,"column":62}},"4":{"start":{"line":7,"column":21},"end":{"line":7,"column":58}},"5":{"start":{"line":10,"column":12},"end":{"line":10,"column":59}},"6":{"start":{"line":11,"column":17},"end":{"line":11,"column":19}},"7":{"start":{"line":15,"column":2},"end":{"line":18,"column":3}},"8":{"start":{"line":16,"column":4},"end":{"line":16,"column":80}},"9":{"start":{"line":17,"column":4},"end":{"line":17,"column":11}},"10":{"start":{"line":21,"column":2},"end":{"line":21,"column":29}},"11":{"start":{"line":24,"column":2},"end":{"line":41,"column":5}},"12":{"start":{"line":25,"column":4},"end":{"line":40,"column":6}},"13":{"start":{"line":46,"column":2},"end":{"line":49,"column":6}},"14":{"start":{"line":46,"column":38},"end":{"line":49,"column":3}},"15":{"start":{"line":51,"column":2},"end":{"line":51,"column":16}},"16":{"start":{"line":52,"column":2},"end":{"line":52,"column":55}},"17":{"start":{"line":57,"column":2},"end":{"line":57,"column":40}},"18":{"start":{"line":58,"column":2},"end":{"line":58,"column":22}},"19":{"start":{"line":63,"column":2},"end":{"line":63,"column":58}},"20":{"start":{"line":63,"column":40},"end":{"line":63,"column":56}},"21":{"start":{"line":64,"column":2},"end":{"line":64,"column":18}},"22":{"start":{"line":67,"column":2},"end":{"line":67,"column":16}},"23":{"start":{"line":68,"column":2},"end":{"line":68,"column":55}},"24":{"start":{"line":69,"column":2},"end":{"line":69,"column":15}},"25":{"start":{"line":72,"column":0},"end":{"line":78,"column":1}},"26":{"start":{"line":73,"column":2},"end":{"line":77,"column":5}},"27":{"start":{"line":74,"column":4},"end":{"line":74,"column":52}},"28":{"start":{"line":74,"column":35},"end":{"line":74,"column":50}},"29":{"start":{"line":75,"column":4},"end":{"line":75,"column":18}},"30":{"start":{"line":76,"column":4},"end":{"line":76,"column":57}},"31":{"start":{"line":81,"column":0},"end":{"line":101,"column":3}},"32":{"start":{"line":82,"column":21},"end":{"line":82,"column":26}},"33":{"start":{"line":83,"column":24},"end":{"line":83,"column":41}},"34":{"start":{"line":85,"column":2},"end":{"line":85,"column":49}},"35":{"start":{"line":85,"column":42},"end":{"line":85,"column":49}},"36":{"start":{"line":88,"column":15},"end":{"line":88,"column":28}},"37":{"start":{"line":89,"column":17},"end":{"line":89,"column":32}},"38":{"start":{"line":92,"column":21},"end":{"line":92,"column":35}},"39":{"start":{"line":94,"column":2},"end":{"line":100,"column":3}},"40":{"start":{"line":95,"column":4},"end":{"line":95,"column":22}},"41":{"start":{"line":96,"column":9},"end":{"line":100,"column":3}},"42":{"start":{"line":97,"column":4},"end":{"line":97,"column":21}},"43":{"start":{"line":99,"column":4},"end":{"line":99,"column":23}},"44":{"start":{"line":105,"column":2},"end":{"line":105,"column":33}},"45":{"start":{"line":108,"column":2},"end":{"line":108,"column":46}},"46":{"start":{"line":111,"column":2},"end":{"line":113,"column":11}},"47":{"start":{"line":112,"column":4},"end":{"line":112,"column":51}},"48":{"start":{"line":118,"column":20},"end":{"line":118,"column":35}},"49":{"start":{"line":121,"column":18},"end":{"line":121,"column":34}},"50":{"start":{"line":124,"column":22},"end":{"line":126,"column":3}},"51":{"start":{"line":125,"column":14},"end":{"line":125,"column":66}},"52":{"start":{"line":128,"column":2},"end":{"line":148,"column":3}},"53":{"start":{"line":129,"column":4},"end":{"line":129,"column":46}},"54":{"start":{"line":130,"column":9},"end":{"line":148,"column":3}},"55":{"start":{"line":131,"column":4},"end":{"line":131,"column":45}},"56":{"start":{"line":133,"column":4},"end":{"line":145,"column":5}},"57":{"start":{"line":134,"column":6},"end":{"line":137,"column":10}},"58":{"start":{"line":134,"column":42},"end":{"line":137,"column":7}},"59":{"start":{"line":138,"column":6},"end":{"line":138,"column":22}},"60":{"start":{"line":140,"column":6},"end":{"line":144,"column":9}},"61":{"start":{"line":147,"column":4},"end":{"line":147,"column":25}},"62":{"start":{"line":151,"column":0},"end":{"line":151,"column":14}},"63":{"start":{"line":154,"column":0},"end":{"line":160,"column":3}},"64":{"start":{"line":155,"column":2},"end":{"line":155,"column":25}},"65":{"start":{"line":157,"column":2},"end":{"line":157,"column":13}},"66":{"start":{"line":158,"column":2},"end":{"line":158,"column":16}},"67":{"start":{"line":159,"column":2},"end":{"line":159,"column":55}},"68":{"start":{"line":162,"column":0},"end":{"line":162,"column":49}}},"fnMap":{"0":{"name":"renderTodos","decl":{"start":{"line":14,"column":9},"end":{"line":14,"column":20}},"loc":{"start":{"line":14,"column":23},"end":{"line":42,"column":1}},"line":14},"1":{"name":"(anonymous_1)","decl":{"start":{"line":24,"column":16},"end":{"line":24,"column":17}},"loc":{"start":{"line":24,"column":33},"end":{"line":41,"column":3}},"line":24},"2":{"name":"checkTodo","decl":{"start":{"line":45,"column":9},"end":{"line":45,"column":18}},"loc":{"start":{"line":45,"column":27},"end":{"line":53,"column":1}},"line":45},"3":{"name":"(anonymous_3)","decl":{"start":{"line":46,"column":20},"end":{"line":46,"column":21}},"loc":{"start":{"line":46,"column":38},"end":{"line":49,"column":3}},"line":46},"4":{"name":"editTodo","decl":{"start":{"line":56,"column":9},"end":{"line":56,"column":17}},"loc":{"start":{"line":56,"column":26},"end":{"line":59,"column":1}},"line":56},"5":{"name":"deleteTodo","decl":{"start":{"line":62,"column":9},"end":{"line":62,"column":19}},"loc":{"start":{"line":62,"column":28},"end":{"line":70,"column":1}},"line":62},"6":{"name":"(anonymous_6)","decl":{"start":{"line":63,"column":23},"end":{"line":63,"column":24}},"loc":{"start":{"line":63,"column":40},"end":{"line":63,"column":56}},"line":63},"7":{"name":"(anonymous_7)","decl":{"start":{"line":73,"column":41},"end":{"line":73,"column":42}},"loc":{"start":{"line":73,"column":47},"end":{"line":77,"column":3}},"line":73},"8":{"name":"(anonymous_8)","decl":{"start":{"line":74,"column":25},"end":{"line":74,"column":26}},"loc":{"start":{"line":74,"column":35},"end":{"line":74,"column":50}},"line":74},"9":{"name":"(anonymous_9)","decl":{"start":{"line":81,"column":38},"end":{"line":81,"column":39}},"loc":{"start":{"line":81,"column":49},"end":{"line":101,"column":1}},"line":81},"10":{"name":"showNotification","decl":{"start":{"line":103,"column":9},"end":{"line":103,"column":25}},"loc":{"start":{"line":103,"column":31},"end":{"line":114,"column":1}},"line":103},"11":{"name":"(anonymous_11)","decl":{"start":{"line":111,"column":13},"end":{"line":111,"column":14}},"loc":{"start":{"line":111,"column":19},"end":{"line":113,"column":3}},"line":111},"12":{"name":"saveTodo","decl":{"start":{"line":117,"column":9},"end":{"line":117,"column":17}},"loc":{"start":{"line":117,"column":20},"end":{"line":149,"column":1}},"line":117},"13":{"name":"(anonymous_13)","decl":{"start":{"line":125,"column":4},"end":{"line":125,"column":5}},"loc":{"start":{"line":125,"column":14},"end":{"line":125,"column":66}},"line":125},"14":{"name":"(anonymous_14)","decl":{"start":{"line":134,"column":24},"end":{"line":134,"column":25}},"loc":{"start":{"line":134,"column":42},"end":{"line":137,"column":7}},"line":134},"15":{"name":"(anonymous_15)","decl":{"start":{"line":154,"column":32},"end":{"line":154,"column":33}},"loc":{"start":{"line":154,"column":43},"end":{"line":160,"column":1}},"line":154}},"branchMap":{"0":{"loc":{"start":{"line":10,"column":12},"end":{"line":10,"column":59}},"type":"binary-expr","locations":[{"start":{"line":10,"column":12},"end":{"line":10,"column":53}},{"start":{"line":10,"column":57},"end":{"line":10,"column":59}}],"line":10},"1":{"loc":{"start":{"line":15,"column":2},"end":{"line":18,"column":3}},"type":"if","locations":[{"start":{"line":15,"column":2},"end":{"line":18,"column":3}},{"start":{},"end":{}}],"line":15},"2":{"loc":{"start":{"line":28,"column":20},"end":{"line":28,"column":73}},"type":"cond-expr","locations":[{"start":{"line":28,"column":37},"end":{"line":28,"column":59}},{"start":{"line":28,"column":62},"end":{"line":28,"column":73}}],"line":28},"3":{"loc":{"start":{"line":33,"column":2},"end":{"line":33,"column":35}},"type":"cond-expr","locations":[{"start":{"line":33,"column":19},"end":{"line":33,"column":30}},{"start":{"line":33,"column":33},"end":{"line":33,"column":35}}],"line":33},"4":{"loc":{"start":{"line":48,"column":15},"end":{"line":48,"column":66}},"type":"cond-expr","locations":[{"start":{"line":48,"column":34},"end":{"line":48,"column":49}},{"start":{"line":48,"column":52},"end":{"line":48,"column":66}}],"line":48},"5":{"loc":{"start":{"line":72,"column":0},"end":{"line":78,"column":1}},"type":"if","locations":[{"start":{"line":72,"column":0},"end":{"line":78,"column":1}},{"start":{},"end":{}}],"line":72},"6":{"loc":{"start":{"line":85,"column":2},"end":{"line":85,"column":49}},"type":"if","locations":[{"start":{"line":85,"column":2},"end":{"line":85,"column":49}},{"start":{},"end":{}}],"line":85},"7":{"loc":{"start":{"line":94,"column":2},"end":{"line":100,"column":3}},"type":"if","locations":[{"start":{"line":94,"column":2},"end":{"line":100,"column":3}},{"start":{"line":96,"column":9},"end":{"line":100,"column":3}}],"line":94},"8":{"loc":{"start":{"line":96,"column":9},"end":{"line":100,"column":3}},"type":"if","locations":[{"start":{"line":96,"column":9},"end":{"line":100,"column":3}},{"start":{"line":98,"column":9},"end":{"line":100,"column":3}}],"line":96},"9":{"loc":{"start":{"line":128,"column":2},"end":{"line":148,"column":3}},"type":"if","locations":[{"start":{"line":128,"column":2},"end":{"line":148,"column":3}},{"start":{"line":130,"column":9},"end":{"line":148,"column":3}}],"line":128},"10":{"loc":{"start":{"line":130,"column":9},"end":{"line":148,"column":3}},"type":"if","locations":[{"start":{"line":130,"column":9},"end":{"line":148,"column":3}},{"start":{"line":132,"column":9},"end":{"line":148,"column":3}}],"line":130},"11":{"loc":{"start":{"line":133,"column":4},"end":{"line":145,"column":5}},"type":"if","locations":[{"start":{"line":133,"column":4},"end":{"line":145,"column":5}},{"start":{"line":139,"column":11},"end":{"line":145,"column":5}}],"line":133},"12":{"loc":{"start":{"line":136,"column":15},"end":{"line":136,"column":60}},"type":"cond-expr","locations":[{"start":{"line":136,"column":38},"end":{"line":136,"column":47}},{"start":{"line":136,"column":50},"end":{"line":136,"column":60}}],"line":136}},"s":{"0":1,"1":1,"2":1,"3":1,"4":1,"5":1,"6":1,"7":3,"8":2,"9":2,"10":1,"11":1,"12":1,"13":0,"14":0,"15":0,"16":0,"17":0,"18":0,"19":2,"20":3,"21":2,"22":2,"23":2,"24":2,"25":1,"26":1,"27":0,"28":0,"29":0,"30":0,"31":1,"32":0,"33":0,"34":0,"35":0,"36":0,"37":0,"38":0,"39":0,"40":0,"41":0,"42":0,"43":0,"44":0,"45":0,"46":0,"47":0,"48":2,"49":2,"50":2,"51":1,"52":2,"53":0,"54":2,"55":0,"56":2,"57":0,"58":0,"59":0,"60":2,"61":2,"62":1,"63":1,"64":0,"65":0,"66":0,"67":0,"68":1},"f":{"0":3,"1":1,"2":0,"3":0,"4":0,"5":2,"6":3,"7":0,"8":0,"9":0,"10":0,"11":0,"12":2,"13":1,"14":0,"15":0},"b":{"0":[1,1],"1":[2,1],"2":[0,1],"3":[0,1],"4":[0,0],"5":[1,0],"6":[0,0],"7":[0,0],"8":[0,0],"9":[0,2],"10":[0,2],"11":[0,2],"12":[0,0]},"_coverageSchema":"1a1c01bbd47fc00a2c39e90264f33305004495a9","hash":"cca625b03afe8ad00c3f64211879beeefc24c88c"}
}
