TN:
SF:utils.js
FN:14,renderTodos
FN:24,(anonymous_1)
FN:45,checkTodo
FN:46,(anonymous_3)
FN:56,editTodo
FN:62,deleteTodo
FN:63,(anonymous_6)
FN:73,(anonymous_7)
FN:74,(anonymous_8)
FN:81,(anonymous_9)
FN:103,showNotification
FN:111,(anonymous_11)
FN:117,saveTodo
FN:125,(anonymous_13)
FN:134,(anonymous_14)
FN:154,(anonymous_15)
FNF:16
FNH:6
FNDA:3,renderTodos
FNDA:1,(anonymous_1)
FNDA:0,checkTodo
FNDA:0,(anonymous_3)
FNDA:0,editTodo
FNDA:2,deleteTodo
FNDA:3,(anonymous_6)
FNDA:0,(anonymous_7)
FNDA:0,(anonymous_8)
FNDA:0,(anonymous_9)
FNDA:0,showNotification
FNDA:0,(anonymous_11)
FNDA:2,saveTodo
FNDA:1,(anonymous_13)
FNDA:0,(anonymous_14)
FNDA:0,(anonymous_15)
DA:2,1
DA:3,1
DA:4,1
DA:5,1
DA:7,1
DA:10,1
DA:11,1
DA:15,3
DA:16,2
DA:17,2
DA:21,1
DA:24,1
DA:25,1
DA:46,0
DA:51,0
DA:52,0
DA:57,0
DA:58,0
DA:63,3
DA:64,2
DA:67,2
DA:68,2
DA:69,2
DA:72,1
DA:73,1
DA:74,0
DA:75,0
DA:76,0
DA:81,1
DA:82,0
DA:83,0
DA:85,0
DA:88,0
DA:89,0
DA:92,0
DA:94,0
DA:95,0
DA:96,0
DA:97,0
DA:99,0
DA:105,0
DA:108,0
DA:111,0
DA:112,0
DA:118,2
DA:121,2
DA:124,2
DA:125,1
DA:128,2
DA:129,0
DA:130,2
DA:131,0
DA:133,2
DA:134,0
DA:138,0
DA:140,2
DA:147,2
DA:151,1
DA:154,1
DA:155,0
DA:157,0
DA:158,0
DA:159,0
DA:162,1
LF:64
LH:33
BRDA:10,0,0,1
BRDA:10,0,1,1
BRDA:15,1,0,2
BRDA:15,1,1,1
BRDA:28,2,0,0
BRDA:28,2,1,1
BRDA:33,3,0,0
BRDA:33,3,1,1
BRDA:48,4,0,0
BRDA:48,4,1,0
BRDA:72,5,0,1
BRDA:72,5,1,0
BRDA:85,6,0,0
BRDA:85,6,1,0
BRDA:94,7,0,0
BRDA:94,7,1,0
BRDA:96,8,0,0
BRDA:96,8,1,0
BRDA:128,9,0,0
BRDA:128,9,1,2
BRDA:130,10,0,0
BRDA:130,10,1,2
BRDA:133,11,0,0
BRDA:133,11,1,2
BRDA:136,12,0,0
BRDA:136,12,1,0
BRF:26
BRH:10
end_of_record
